.\izg_proj.ilk
.\izg_proj.pdb
C:\Users\Roman\Disk Google\IZG\Projekt\izg_proj\.\izg_proj.exe
C:\USERS\ROMAN\DISK GOOGLE\IZG\PROJEKT\IZG_PROJ\DEBUG\BMP.OBJ
C:\Users\Roman\Disk Google\IZG\Projekt\izg_proj\Debug\cl.command.1.tlog
C:\Users\Roman\Disk Google\IZG\Projekt\izg_proj\Debug\CL.read.1.tlog
C:\Users\Roman\Disk Google\IZG\Projekt\izg_proj\Debug\CL.write.1.tlog
C:\USERS\ROMAN\DISK GOOGLE\IZG\PROJEKT\IZG_PROJ\DEBUG\COLOR.OBJ
C:\USERS\ROMAN\DISK GOOGLE\IZG\PROJEKT\IZG_PROJ\DEBUG\IZG_PROJ.EXE.INTERMEDIATE.MANIFEST
C:\Users\Roman\Disk Google\IZG\Projekt\izg_proj\Debug\izg_proj.vcxprojResolveAssemblyReference.cache
C:\Users\Roman\Disk Google\IZG\Projekt\izg_proj\Debug\izg_proj.write.1.tlog
C:\Users\Roman\Disk Google\IZG\Projekt\izg_proj\Debug\link.command.1.tlog
C:\Users\Roman\Disk Google\IZG\Projekt\izg_proj\Debug\link.read.1.tlog
C:\Users\Roman\Disk Google\IZG\Projekt\izg_proj\Debug\link.write.1.tlog
C:\USERS\ROMAN\DISK GOOGLE\IZG\PROJEKT\IZG_PROJ\DEBUG\MAIN.OBJ
C:\USERS\ROMAN\DISK GOOGLE\IZG\PROJEKT\IZG_PROJ\DEBUG\MODEL.OBJ
C:\Users\Roman\Disk Google\IZG\Projekt\izg_proj\Debug\mt.command.1.tlog
C:\Users\Roman\Disk Google\IZG\Projekt\izg_proj\Debug\mt.read.1.tlog
C:\Users\Roman\Disk Google\IZG\Projekt\izg_proj\Debug\mt.write.1.tlog
C:\USERS\ROMAN\DISK GOOGLE\IZG\PROJEKT\IZG_PROJ\DEBUG\RENDER.OBJ
C:\USERS\ROMAN\DISK GOOGLE\IZG\PROJEKT\IZG_PROJ\DEBUG\STUDENT.OBJ
C:\USERS\ROMAN\DISK GOOGLE\IZG\PROJEKT\IZG_PROJ\DEBUG\TRANSFORM.OBJ
C:\Users\Roman\Disk Google\IZG\Projekt\izg_proj\Debug\vc100.idb
C:\USERS\ROMAN\DISK GOOGLE\IZG\PROJEKT\IZG_PROJ\DEBUG\VC100.PDB
C:\USERS\ROMAN\DISK GOOGLE\IZG\PROJEKT\IZG_PROJ\DEBUG\VECTOR.OBJ
C:\USERS\ROMAN\DISK GOOGLE\IZG\PROJEKT\IZG_PROJ\IZG_PROJ.EXE
C:\USERS\ROMAN\DISK GOOGLE\IZG\PROJEKT\IZG_PROJ\IZG_PROJ.ILK
C:\USERS\ROMAN\DISK GOOGLE\IZG\PROJEKT\IZG_PROJ\IZG_PROJ.PDB
